<?xml version="1.0" encoding="UTF-8"?>
<!-- Generated by org.testng.reporters.JUnitXMLReporter -->
<testsuite hostname="Hrishikesh" ignored="0" name="Default test" tests="7" failures="0" timestamp="13 Mar 2018 08:54:04 GMT" time="134.929" errors="0">
  <testcase name="testLogin" time="13.865" classname="com.POMwithPF.registration.TC001_RegistrationProcess"/>
  <testcase name="testLogin" time="12.291" classname="com.POMwithPF.registration.TC001_RegistrationProcess"/>
  <testcase name="testLogin" time="12.128" classname="com.POMwithPF.registration.TC001_RegistrationProcess"/>
  <testcase name="testLogin" time="12.191" classname="com.POMwithPF.registration.TC001_RegistrationProcess"/>
  <testcase name="testLogin" time="12.213" classname="com.POMwithPF.registration.TC001_RegistrationProcess"/>
  <testcase name="testLogin" time="12.133" classname="com.POMwithPF.registration.TC001_RegistrationProcess"/>
  <testcase name="testLogin" time="12.125" classname="com.POMwithPF.registration.TC001_RegistrationProcess"/>
</testsuite> <!-- Default test -->
