<?xml version="1.0" encoding="UTF-8"?>
<!-- Generated by org.testng.reporters.JUnitXMLReporter -->
<testsuite hostname="Hrishikesh" ignored="0" name="AddToCartTest" tests="2" failures="0" timestamp="14 Mar 2018 08:30:58 GMT" time="118.28" errors="0">
  <testcase name="verifyAaddToCart" time="2.022" classname="com.POMwithPF.addToCart.TC001_VerifyAaddToCart"/>
  <testcase name="verifyFacebookLink" time="2.279" classname="com.POMwithPF.addToCart.TC002_VerifyFacebookLink"/>
</testsuite> <!-- AddToCartTest -->
