<?xml version="1.0" encoding="UTF-8"?>
<!-- Generated by org.testng.reporters.JUnitXMLReporter -->
<testsuite hostname="Hrishikesh" ignored="0" name="HomePageTest" tests="13" failures="1" timestamp="14 Mar 2018 08:48:12 GMT" time="211.042" errors="0">
  <testcase name="verifyRegistration" time="6.127" classname="com.POMwithPF.homepage.TC002_VerifyRegistration">
    <skipped/>
  </testcase> <!-- verifyRegistration -->
  <testcase name="verifyRegistration" time="0.624" classname="com.POMwithPF.homepage.TC002_VerifyRegistration">
    <skipped/>
  </testcase> <!-- verifyRegistration -->
  <testcase name="verifyRegistration" time="0.72" classname="com.POMwithPF.homepage.TC002_VerifyRegistration">
    <skipped/>
  </testcase> <!-- verifyRegistration -->
  <testcase name="verifyRegistration" time="0.57" classname="com.POMwithPF.homepage.TC002_VerifyRegistration">
    <failure type="java.lang.AssertionError" message="verifyRegistration expected [true] but found [false]">
      <![CDATA[java.lang.AssertionError: verifyRegistration expected [true] but found [false]
	at com.POMwithPF.homepage.TC002_VerifyRegistration.verifyRegistration(TC002_VerifyRegistration.java:47)
... Removed 28 stack frames]]>
    </failure>
  </testcase> <!-- verifyRegistration -->
  <testcase name="verifyLoginWithDifferentRecords" time="0.755" classname="com.POMwithPF.homepage.TC003_VerifyLoginWithDifferentRecords"/>
  <testcase name="verifyLoginWithDifferentRecords" time="0.439" classname="com.POMwithPF.homepage.TC003_VerifyLoginWithDifferentRecords"/>
  <testcase name="verifyLoginWithDifferentRecords" time="0.004" classname="com.POMwithPF.homepage.TC003_VerifyLoginWithDifferentRecords">
    <skipped/>
  </testcase> <!-- verifyLoginWithDifferentRecords -->
  <testcase name="verifyLoginWithDifferentRecords" time="0.003" classname="com.POMwithPF.homepage.TC003_VerifyLoginWithDifferentRecords">
    <skipped/>
  </testcase> <!-- verifyLoginWithDifferentRecords -->
  <testcase name="verifyLoginWithDifferentRecords" time="0.005" classname="com.POMwithPF.homepage.TC003_VerifyLoginWithDifferentRecords">
    <skipped/>
  </testcase> <!-- verifyLoginWithDifferentRecords -->
  <testcase name="verifyLoginWithDifferentRecords" time="0.004" classname="com.POMwithPF.homepage.TC003_VerifyLoginWithDifferentRecords">
    <skipped/>
  </testcase> <!-- verifyLoginWithDifferentRecords -->
  <testcase name="verifyLoginWithDifferentRecords" time="0.43" classname="com.POMwithPF.homepage.TC003_VerifyLoginWithDifferentRecords"/>
  <testcase name="verifyAaddToCart" time="1.986" classname="com.POMwithPF.addToCart.TC001_VerifyAaddToCart"/>
  <testcase name="verifyFacebookLink" time="1.647" classname="com.POMwithPF.addToCart.TC002_VerifyFacebookLink"/>
</testsuite> <!-- HomePageTest -->
